Compiling the C compiler identification source file "CMakeCCompilerId.c" failed.
Compiler: C:/Program Files (x86)/Microsoft Visual Studio/2019/Community/VC/Tools/Llvm/x64/bin/clang-cl.exe 
Build flags: 
Id flags:  

The output was:
1
clang-cl: error: unable to execute command: program not executable
clang-cl: error: linker command failed with exit code 1 (use -v to see invocation)


Compiling the CXX compiler identification source file "CMakeCXXCompilerId.cpp" failed.
Compiler: C:/Program Files (x86)/Microsoft Visual Studio/2019/Community/VC/Tools/Llvm/x64/bin/clang-cl.exe 
Build flags: 
Id flags:  

The output was:
1
clang-cl: error: unable to execute command: program not executable
clang-cl: error: linker command failed with exit code 1 (use -v to see invocation)


Determining if the include file pthread.h exists failed with the following output:
Change Dir: C:/Users/Jan/Desktop/mini-vk/build/CMakeFiles/CMakeTmp

Run Build Command(s):C:/PROGRA~2/MICROS~3/2019/COMMUN~1/Common7/IDE/COMMON~1/MICROS~1/CMake/Ninja/ninja.exe cmTC_24207 && [1/2] Building C object CMakeFiles\cmTC_24207.dir\CheckIncludeFile.c.obj
FAILED: CMakeFiles/cmTC_24207.dir/CheckIncludeFile.c.obj 
C:\PROGRA~2\MICROS~3\2019\COMMUN~1\VC\Tools\Llvm\x64\bin\clang-cl.exe  /nologo   /DWIN32 /D_WINDOWS  /Zi /Ob0 /Od /RTC1 -MDd /showIncludes /FoCMakeFiles\cmTC_24207.dir\CheckIncludeFile.c.obj /FdCMakeFiles\cmTC_24207.dir\ -c -- C:\Users\Jan\Desktop\mini-vk\build\CMakeFiles\CMakeTmp\CheckIncludeFile.c
C:\Users\Jan\Desktop\mini-vk\build\CMakeFiles\CMakeTmp\CheckIncludeFile.c(1,10): fatal error: 'pthread.h' file not found
#include <pthread.h>
         ^~~~~~~~~~~
1 error generated.
ninja: build stopped: subcommand failed.



